[bracketweb.com/procounsel-html/index.html]
[backblue.gif]
[fade.gif]
[index.html]
[bracketweb.com/procounsel-html/assets/images/favicons/apple-touch-icon.png]
[bracketweb.com/procounsel-html/assets/images/favicons/favicon-32x32.png]
[bracketweb.com/procounsel-html/assets/images/favicons/favicon-16x16.png]
[bracketweb.com/procounsel-html/assets/images/favicons/site.webmanifest]
[bracketweb.com/procounsel-html/assets/vendors/bootstrap/css/bootstrap.min.css]
[bracketweb.com/procounsel-html/assets/vendors/animate/animate.min.css]
[bracketweb.com/procounsel-html/assets/vendors/bootstrap-select/bootstrap-select.min.css]
[bracketweb.com/procounsel-html/assets/vendors/fontawesome/css/all.min.css]
[bracketweb.com/procounsel-html/assets/vendors/jquery-ui/jquery-ui.css]
[bracketweb.com/procounsel-html/assets/vendors/jarallax/jarallax.css]
[bracketweb.com/procounsel-html/assets/vendors/jquery-magnific-popup/jquery.magnific-popup.css]
[bracketweb.com/procounsel-html/assets/vendors/nouislider/nouislider.min.css]
[bracketweb.com/procounsel-html/assets/vendors/nouislider/nouislider.pips.css]
[bracketweb.com/procounsel-html/assets/vendors/tiny-slider/tiny-slider.css]
[bracketweb.com/procounsel-html/assets/vendors/procounsel-icons/style.css]
[bracketweb.com/procounsel-html/assets/vendors/slick/slick.css]
[bracketweb.com/procounsel-html/assets/vendors/owl-carousel/css/owl.carousel.min.css]
[bracketweb.com/procounsel-html/assets/vendors/owl-carousel/css/owl.theme.default.min.css]
[bracketweb.com/procounsel-html/assets/images/loader.png]
[bracketweb.com/procounsel-html/assets/images/logo-light.png]
[bracketweb.com/procounsel-html/assets/images/procounsel-landing/home-1.jpg]
[bracketweb.com/procounsel-html/assets/css/procounsel.css]
[bracketweb.com/procounsel-html/assets/images/procounsel-landing/home-2.jpg]
[bracketweb.com/procounsel-html/index-one-page.html]
[bracketweb.com/procounsel-html/index-2.html]
[bracketweb.com/procounsel-html/assets/images/procounsel-landing/home-3.jpg]
[bracketweb.com/procounsel-html/index-2-one-page.html]
[bracketweb.com/procounsel-html/index-3.html]
[bracketweb.com/procounsel-html/index-3-one-page.html]
[bracketweb.com/procounsel-html/assets/images/procounsel-landing/home-4.jpg]
[bracketweb.com/procounsel-html/index-4.html]
[bracketweb.com/procounsel-html/assets/images/procounsel-landing/home-5.jpg]
[bracketweb.com/procounsel-html/index-4-one-page.html]
[bracketweb.com/procounsel-html/index-5.html]
[bracketweb.com/procounsel-html/assets/images/procounsel-landing/home-dark.jpg]
[bracketweb.com/procounsel-html/index-5-one-page.html]
[bracketweb.com/procounsel-html/index-dark.html]
[bracketweb.com/procounsel-html/assets/images/procounsel-landing/home-boxed.jpg]
[bracketweb.com/procounsel-html/index-boxed.html]
[bracketweb.com/procounsel-html/assets/images/procounsel-landing/home-rtl.jpg]
[bracketweb.com/procounsel-html/index-rtl.html]
[bracketweb.com/procounsel-html/team.html]
[bracketweb.com/procounsel-html/team-carousel.html]
[bracketweb.com/procounsel-html/team-details.html]
[bracketweb.com/procounsel-html/project.html]
[bracketweb.com/procounsel-html/about.html]
[bracketweb.com/procounsel-html/project-carousel.html]
[bracketweb.com/procounsel-html/project-details.html]
[bracketweb.com/procounsel-html/packages.html]
[bracketweb.com/procounsel-html/gallery.html]
[bracketweb.com/procounsel-html/packages-carousel.html]
[bracketweb.com/procounsel-html/gallery-grid.html]
[bracketweb.com/procounsel-html/gallery-carousel.html]
[bracketweb.com/procounsel-html/gallery-filter.html]
[bracketweb.com/procounsel-html/faq.html]
[bracketweb.com/procounsel-html/404.html]
[bracketweb.com/procounsel-html/login.html]
[bracketweb.com/procounsel-html/services.html]
[bracketweb.com/procounsel-html/services-carousel.html]
[bracketweb.com/procounsel-html/service-d-criminal.html]
[bracketweb.com/procounsel-html/service-d-family.html]
[bracketweb.com/procounsel-html/service-d-real-estate.html]
[bracketweb.com/procounsel-html/service-d-employment.html]
[bracketweb.com/procounsel-html/service-d-ecommerce.html]
[bracketweb.com/procounsel-html/service-d-healthcare.html]
[bracketweb.com/procounsel-html/products.html]
[bracketweb.com/procounsel-html/products-left.html]
[bracketweb.com/procounsel-html/products-right.html]
[bracketweb.com/procounsel-html/products-carousel.html]
[bracketweb.com/procounsel-html/product-details.html]
[bracketweb.com/procounsel-html/cart.html]
[bracketweb.com/procounsel-html/blog-grid.html]
[bracketweb.com/procounsel-html/checkout.html]
[bracketweb.com/procounsel-html/blog-grid-left.html]
[bracketweb.com/procounsel-html/blog-grid-right.html]
[bracketweb.com/procounsel-html/blog-list.html]
[bracketweb.com/procounsel-html/blog-list-left.html]
[bracketweb.com/procounsel-html/blog-list-right.html]
[bracketweb.com/procounsel-html/blog-carousel.html]
[bracketweb.com/procounsel-html/blog-details.html]
[bracketweb.com/procounsel-html/blog-details-left.html]
[bracketweb.com/procounsel-html/blog-details-right.html]
[bracketweb.com/procounsel-html/contact.html]
[bracketweb.com/procounsel-html/assets/images/backgrounds/slider-1-1.jpg]
[bracketweb.com/procounsel-html/assets/images/backgrounds/slider-1-2.jpg]
[bracketweb.com/procounsel-html/assets/images/backgrounds/slider-1-3.jpg]
[bracketweb.com/procounsel-html/assets/images/resources/about-1-1.png]
[bracketweb.com/procounsel-html/assets/images/resources/signature.png]
[bracketweb.com/procounsel-html/assets/images/resources/about-1-2.png]
[bracketweb.com/procounsel-html/assets/images/resources/about-1-3.png]
[bracketweb.com/procounsel-html/assets/images/shapes/service-bg-1.png]
[bracketweb.com/procounsel-html/assets/images/resources/service-1-1.png]
[bracketweb.com/procounsel-html/assets/images/resources/service-1-2.png]
[bracketweb.com/procounsel-html/assets/images/resources/service-1-3.png]
[bracketweb.com/procounsel-html/assets/images/resources/service-1-4.png]
[bracketweb.com/procounsel-html/assets/images/resources/brand-1.png]
[bracketweb.com/procounsel-html/assets/images/resources/brand-2.png]
[bracketweb.com/procounsel-html/assets/images/resources/brand-3.png]
[bracketweb.com/procounsel-html/assets/images/resources/brand-4.png]
[bracketweb.com/procounsel-html/assets/images/resources/brand-5.png]
[bracketweb.com/procounsel-html/assets/images/resources/brand-6.png]
[bracketweb.com/procounsel-html/assets/images/backgrounds/why-choose-bg.jpg]
[bracketweb.com/procounsel-html/assets/images/resources/why-choose-1-2.jpg]
[bracketweb.com/procounsel-html/assets/images/resources/coustomer-1.jpg]
[bracketweb.com/procounsel-html/assets/images/resources/coustomer-2.jpg]
[bracketweb.com/procounsel-html/assets/images/resources/coustomer-3.jpg]
[bracketweb.com/procounsel-html/assets/images/resources/coustomer-4.jpg]
[bracketweb.com/procounsel-html/assets/images/resources/why-choose-1-1.jpg]
[bracketweb.com/procounsel-html/assets/images/resources/why-choose-1-3.jpg]
[bracketweb.com/procounsel-html/assets/images/portfolio/portfolio-1-1.jpg]
[bracketweb.com/procounsel-html/portfolio-details.html]
[bracketweb.com/procounsel-html/assets/images/portfolio/portfolio-1-2.jpg]
[bracketweb.com/procounsel-html/assets/images/portfolio/portfolio-1-3.jpg]
[bracketweb.com/procounsel-html/assets/images/team/team-1-1.jpg]
[bracketweb.com/procounsel-html/assets/images/team/team-1-2.jpg]
[bracketweb.com/procounsel-html/assets/images/team/team-1-3.jpg]
[bracketweb.com/procounsel-html/assets/images/shapes/testimonials-1-bg.png]
[bracketweb.com/procounsel-html/assets/images/resources/testi-1-1.jpg]
[bracketweb.com/procounsel-html/assets/images/resources/testi-1-2.jpg]
[bracketweb.com/procounsel-html/assets/images/resources/testi-1-3.jpg]
[bracketweb.com/procounsel-html/assets/images/backgrounds/contact-1-bg.jpg]
[bracketweb.com/procounsel-html/assets/images/resources/contact-1-1.jpg]
[bracketweb.com/procounsel-html/assets/images/blog/blog-user-1.jpg]
[bracketweb.com/procounsel-html/assets/images/blog/blog-1-1.jpg]
[bracketweb.com/procounsel-html/assets/images/blog/blog-user-2.jpg]
[bracketweb.com/procounsel-html/assets/images/blog/blog-1-2.jpg]
[bracketweb.com/procounsel-html/assets/images/blog/blog-user-3.jpg]
[bracketweb.com/procounsel-html/assets/images/blog/blog-1-3.jpg]
[bracketweb.com/procounsel-html/assets/images/backgrounds/footer-bg.png]
[bracketweb.com/procounsel-html/assets/vendors/jquery/jquery-3.7.1.min.js]
[bracketweb.com/procounsel-html/assets/vendors/bootstrap/js/bootstrap.bundle.min.js]
[bracketweb.com/procounsel-html/assets/vendors/bootstrap-select/bootstrap-select.min.js]
[bracketweb.com/procounsel-html/assets/vendors/jarallax/jarallax.min.js]
[bracketweb.com/procounsel-html/assets/vendors/jquery-ajaxchimp/jquery.ajaxchimp.min.js]
[bracketweb.com/procounsel-html/assets/vendors/jquery-appear/jquery.appear.min.js]
[bracketweb.com/procounsel-html/assets/vendors/jquery-circle-progress/jquery.circle-progress.min.js]
[bracketweb.com/procounsel-html/assets/vendors/jquery-validate/jquery.validate.min.js]
[bracketweb.com/procounsel-html/assets/vendors/nouislider/nouislider.min.js]
[bracketweb.com/procounsel-html/assets/vendors/tiny-slider/tiny-slider.js]
[bracketweb.com/procounsel-html/assets/vendors/jquery-magnific-popup/jquery.magnific-popup.min.js]
[bracketweb.com/procounsel-html/assets/vendors/wnumb/wNumb.min.js]
[bracketweb.com/procounsel-html/assets/vendors/wow/wow.js]
[bracketweb.com/procounsel-html/assets/vendors/imagesloaded/imagesloaded.min.js]
[bracketweb.com/procounsel-html/assets/vendors/owl-carousel/js/owl.carousel.min.js]
[bracketweb.com/procounsel-html/assets/vendors/isotope/isotope.js]
[bracketweb.com/procounsel-html/assets/vendors/slick/slick.min.js]
[bracketweb.com/procounsel-html/assets/vendors/tilt/tilt.jquery.js]
[bracketweb.com/procounsel-html/assets/vendors/jquery-ui/jquery-ui.js]
[bracketweb.com/procounsel-html/assets/vendors/countdown/countdown.min.js]
[bracketweb.com/procounsel-html/assets/vendors/jquery-circleType/jquery.circleType.js]
[bracketweb.com/procounsel-html/assets/vendors/jquery-lettering/jquery.lettering.min.js]
[bracketweb.com/procounsel-html/assets/vendors/gsap/scrolltrigger.min.js]
[bracketweb.com/procounsel-html/assets/vendors/gsap/splittext.min.js]
[bracketweb.com/procounsel-html/assets/vendors/gsap/gsap.js]
[bracketweb.com/procounsel-html/assets/vendors/gsap/procounsel-split.js]
[bracketweb.com/procounsel-html/assets/js/procounsel.js]
[bracketweb.com/procounsel-html/index.html]
[bracketweb.com/procounsel-html/assets/vendors/bootstrap/css/bootstrap.min.css]
[bracketweb.com/procounsel-html/assets/vendors/bootstrap-select/bootstrap-select.min.css]
[bracketweb.com/procounsel-html/assets/vendors/animate/animate.min.css]
[bracketweb.com/procounsel-html/assets/vendors/fontawesome/webfonts/fa-brands-400.woff2]
[bracketweb.com/procounsel-html/assets/vendors/fontawesome/webfonts/fa-brands-400d41d.eot]
[bracketweb.com/procounsel-html/assets/vendors/fontawesome/webfonts/fa-brands-400.woff]
[bracketweb.com/procounsel-html/assets/vendors/fontawesome/webfonts/fa-brands-400.eot]
[bracketweb.com/procounsel-html/assets/vendors/fontawesome/webfonts/fa-brands-400.ttf]
[bracketweb.com/procounsel-html/assets/vendors/fontawesome/webfonts/fa-regular-400.eot]
[bracketweb.com/procounsel-html/assets/vendors/fontawesome/webfonts/fa-regular-400d41d.eot]
[bracketweb.com/procounsel-html/assets/vendors/fontawesome/webfonts/fa-regular-400.woff2]
[bracketweb.com/procounsel-html/assets/vendors/fontawesome/webfonts/fa-regular-400.woff]
[bracketweb.com/procounsel-html/assets/vendors/fontawesome/webfonts/fa-regular-400.ttf]
[bracketweb.com/procounsel-html/assets/vendors/fontawesome/webfonts/fa-regular-400.svg]
[bracketweb.com/procounsel-html/assets/vendors/fontawesome/webfonts/fa-solid-900.woff2]
[bracketweb.com/procounsel-html/assets/vendors/fontawesome/webfonts/fa-solid-900d41d.eot]
[bracketweb.com/procounsel-html/assets/vendors/fontawesome/webfonts/fa-solid-900.woff]
[bracketweb.com/procounsel-html/assets/vendors/fontawesome/webfonts/fa-brands-400.svg]
[bracketweb.com/procounsel-html/assets/vendors/fontawesome/webfonts/fa-solid-900.eot]
[bracketweb.com/procounsel-html/assets/vendors/fontawesome/css/all.min.css]
[bracketweb.com/procounsel-html/assets/vendors/jquery-ui/images/ui-bg_highlight-soft_75_cccccc_1x100.png]
[bracketweb.com/procounsel-html/assets/vendors/jquery-ui/images/ui-bg_glass_75_e6e6e6_1x400.png]
[bracketweb.com/procounsel-html/assets/vendors/jquery-ui/images/ui-bg_glass_75_dadada_1x400.png]
[bracketweb.com/procounsel-html/assets/vendors/fontawesome/webfonts/fa-solid-900.ttf]
[bracketweb.com/procounsel-html/assets/vendors/jquery-ui/images/ui-bg_glass_65_ffffff_1x400.png]
[bracketweb.com/procounsel-html/assets/vendors/jquery-ui/images/ui-bg_glass_55_fbf9ee_1x400.png]
[bracketweb.com/procounsel-html/assets/vendors/jquery-ui/images/ui-bg_glass_95_fef1ec_1x400.png]
[bracketweb.com/procounsel-html/assets/vendors/jquery-ui/images/ui-icons_222222_256x240.png]
[bracketweb.com/procounsel-html/assets/vendors/jquery-ui/images/ui-icons_888888_256x240.png]
[bracketweb.com/procounsel-html/assets/vendors/jquery-ui/images/ui-icons_454545_256x240.png]
[bracketweb.com/procounsel-html/assets/vendors/jquery-ui/images/ui-icons_2e83ff_256x240.png]
[bracketweb.com/procounsel-html/assets/vendors/jquery-ui/images/ui-icons_cd0a0a_256x240.png]
[bracketweb.com/procounsel-html/assets/vendors/jquery-ui/jquery-ui.css]
[bracketweb.com/procounsel-html/assets/vendors/jarallax/jarallax.css]
[bracketweb.com/procounsel-html/assets/vendors/jquery-magnific-popup/jquery.magnific-popup.css]
[bracketweb.com/procounsel-html/assets/vendors/nouislider/nouislider.min.css]
[bracketweb.com/procounsel-html/assets/vendors/nouislider/nouislider.pips.css]
[bracketweb.com/procounsel-html/assets/vendors/tiny-slider/tiny-slider.css]
[bracketweb.com/procounsel-html/assets/vendors/procounsel-icons/fonts/icomoonbf03.eot]
[bracketweb.com/procounsel-html/assets/vendors/procounsel-icons/fonts/icomoonbf03.woff]
[bracketweb.com/procounsel-html/assets/vendors/procounsel-icons/style.css]
[bracketweb.com/procounsel-html/assets/vendors/procounsel-icons/fonts/icomoonbf03.ttf]
[bracketweb.com/procounsel-html/assets/vendors/slick/slick.css]
[bracketweb.com/procounsel-html/assets/vendors/owl-carousel/css/owl.video.play.png]
[bracketweb.com/procounsel-html/assets/vendors/owl-carousel/css/owl.carousel.min.css]
[bracketweb.com/procounsel-html/assets/vendors/owl-carousel/css/owl.theme.default.min.css]
[bracketweb.com/procounsel-html/assets/vendors/procounsel-icons/fonts/icomoonbf03.svg]
[bracketweb.com/procounsel-html/assets/images/close.png]
[bracketweb.com/procounsel-html/assets/images/backgrounds/page-header-bg-1-1.jpg]
[bracketweb.com/procounsel-html/assets/css/procounsel.css]
[bracketweb.com/procounsel-html/index-one-page.html]
[bracketweb.com/procounsel-html/assets/images/logo-dark.png]
[bracketweb.com/procounsel-html/assets/images/shapes/hero-banner-2-1-shape.png]
[bracketweb.com/procounsel-html/assets/vendors/fontawesome/webfonts/fa-solid-900.svg]
[bracketweb.com/procounsel-html/assets/images/shapes/hero-banner-2-2-shape.png]
[bracketweb.com/procounsel-html/assets/images/backgrounds/slider-2-1.jpg]
[bracketweb.com/procounsel-html/assets/images/backgrounds/slider-2-2.jpg]
[bracketweb.com/procounsel-html/assets/images/backgrounds/slider-2-3.jpg]
[bracketweb.com/procounsel-html/assets/images/backgrounds/service-2-bg.jpg]
[bracketweb.com/procounsel-html/assets/images/resources/about-2-1.jpg]
[bracketweb.com/procounsel-html/assets/images/shapes/about-2-text.jpg]
[bracketweb.com/procounsel-html/assets/images/resources/about-2-signature.jpg]
[bracketweb.com/procounsel-html/assets/images/resources/about-2-2.jpg]
[bracketweb.com/procounsel-html/assets/images/shapes/about-2-shape-1.png]
[bracketweb.com/procounsel-html/assets/images/backgrounds/logos-why-choose-bg.jpg]
[bracketweb.com/procounsel-html/assets/images/backgrounds/why-choose-2-bg.jpg]
[bracketweb.com/procounsel-html/assets/images/portfolio/portfolio-2-1.jpg]
[bracketweb.com/procounsel-html/assets/images/portfolio/portfolio-2-2.jpg]
[bracketweb.com/procounsel-html/assets/images/portfolio/portfolio-2-3.jpg]
[bracketweb.com/procounsel-html/assets/images/portfolio/portfolio-2-4.jpg]
[bracketweb.com/procounsel-html/assets/images/shapes/testimonials-2-shape.png]
[bracketweb.com/procounsel-html/assets/images/resources/testimonials-2-1.jpg]
[bracketweb.com/procounsel-html/assets/images/resources/testimonials-2-2.jpg]
[bracketweb.com/procounsel-html/assets/images/resources/testimonials-2-3.png]
[bracketweb.com/procounsel-html/assets/images/backgrounds/cta-2-bg.jpg]
[bracketweb.com/procounsel-html/assets/images/shapes/cta-2-shape-2.png]
[bracketweb.com/procounsel-html/assets/images/shapes/cta-2-shape-3.png]
[bracketweb.com/procounsel-html/assets/images/shapes/cta-2-shape-4.png]
[bracketweb.com/procounsel-html/assets/images/shapes/cta-2-shape-5.png]
[bracketweb.com/procounsel-html/assets/images/shapes/cta-2-shape-1.png]
[bracketweb.com/procounsel-html/assets/images/backgrounds/contact-2-bg.jpg]
[bracketweb.com/procounsel-html/assets/images/resources/contact-2-1.png]
[bracketweb.com/procounsel-html/index-2.html]
[bracketweb.com/procounsel-html/index-2-one-page.html]
[bracketweb.com/procounsel-html/assets/images/logo-dark-2.png]
[bracketweb.com/procounsel-html/assets/images/shapes/hero-banner-3-bg-shape.png]
[bracketweb.com/procounsel-html/assets/images/shapes/hero-banner-3-shape-1.png]
[bracketweb.com/procounsel-html/assets/images/resources/hero-banner-3-1.png]
[bracketweb.com/procounsel-html/assets/images/resources/hero-banner-3-1-sign.png]
[bracketweb.com/procounsel-html/assets/images/resources/brands-3-1.png]
[bracketweb.com/procounsel-html/assets/images/resources/brands-3-2.png]
[bracketweb.com/procounsel-html/assets/images/resources/brands-3-3.png]
[bracketweb.com/procounsel-html/assets/images/resources/brands-3-4.png]
[bracketweb.com/procounsel-html/assets/images/resources/brands-3-5.png]
[bracketweb.com/procounsel-html/assets/images/resources/brands-3-6.png]
[bracketweb.com/procounsel-html/assets/images/resources/about-3-1.jpg]
[bracketweb.com/procounsel-html/assets/images/resources/service-3-1.jpg]
[bracketweb.com/procounsel-html/assets/images/resources/service-3-hover-1.jpg]
[bracketweb.com/procounsel-html/assets/images/resources/service-3-2.jpg]
[bracketweb.com/procounsel-html/assets/images/resources/service-3-hover-2.jpg]
[bracketweb.com/procounsel-html/assets/images/resources/service-3-3.jpg]
[bracketweb.com/procounsel-html/assets/images/resources/service-3-hover-3.jpg]
[bracketweb.com/procounsel-html/assets/images/backgrounds/case-study-3-bg.jpg]
[bracketweb.com/procounsel-html/assets/images/portfolio/case-3-1.jpg]
[bracketweb.com/procounsel-html/assets/images/portfolio/case-3-2.jpg]
[bracketweb.com/procounsel-html/assets/images/portfolio/case-3-3.jpg]
[bracketweb.com/procounsel-html/assets/images/portfolio/case-3-4.jpg]
[bracketweb.com/procounsel-html/assets/images/resources/faq-1-1.jpg]
[bracketweb.com/procounsel-html/assets/images/resources/faq-1-2.jpg]
[bracketweb.com/procounsel-html/assets/images/resources/faq-1-3.png]
[bracketweb.com/procounsel-html/assets/images/shapes/why-choose-three-bg.png]
[bracketweb.com/procounsel-html/assets/images/backgrounds/why-choose-three-bg.jpg]
[bracketweb.com/procounsel-html/assets/images/shapes/testimonial-bg-3.png]
[bracketweb.com/procounsel-html/assets/images/resources/testi-3-1.jpg]
[bracketweb.com/procounsel-html/assets/images/resources/testi-3-2.jpg]
[bracketweb.com/procounsel-html/assets/images/resources/testi-3-3.jpg]
[bracketweb.com/procounsel-html/assets/images/resources/testi-3-4.jpg]
[bracketweb.com/procounsel-html/assets/images/shapes/cta-shape-3-1.png]
[bracketweb.com/procounsel-html/assets/images/blog/blog-3-1.jpg]
[bracketweb.com/procounsel-html/assets/images/blog/blog-author-3-1.jpg]
[bracketweb.com/procounsel-html/assets/images/blog/blog-3-2.jpg]
[bracketweb.com/procounsel-html/assets/images/blog/blog-3-3.jpg]
[bracketweb.com/procounsel-html/index-3.html]
[bracketweb.com/procounsel-html/index-3-one-page.html]
[bracketweb.com/procounsel-html/assets/images/backgrounds/slider-4-1.jpg]
[bracketweb.com/procounsel-html/assets/images/backgrounds/slider-4-2.jpg]
[bracketweb.com/procounsel-html/assets/images/backgrounds/slider-4-3.jpg]
[bracketweb.com/procounsel-html/assets/images/backgrounds/about-4-bg.jpg]
[bracketweb.com/procounsel-html/assets/images/resources/about-4-2.jpg]
[bracketweb.com/procounsel-html/assets/images/resources/about-4-1.jpg]
[bracketweb.com/procounsel-html/assets/images/backgrounds/service-4-bg.jpg]
[bracketweb.com/procounsel-html/assets/images/resources/service-4-1.jpg]
[bracketweb.com/procounsel-html/assets/images/resources/service-4-2.jpg]
[bracketweb.com/procounsel-html/assets/images/resources/service-4-3.jpg]
[bracketweb.com/procounsel-html/assets/images/resources/case-study-4-1.jpg]
[bracketweb.com/procounsel-html/assets/images/resources/case-study-4-2.jpg]
[bracketweb.com/procounsel-html/assets/images/resources/case-study-4-3.jpg]
[bracketweb.com/procounsel-html/assets/images/backgrounds/testimonial-4-bg.jpg]
[bracketweb.com/procounsel-html/assets/images/resources/testi-4-1.jpg]
[bracketweb.com/procounsel-html/assets/images/shapes/case-study-5-bg.png]
[bracketweb.com/procounsel-html/assets/images/shapes/case-study-5-shape.png]
[bracketweb.com/procounsel-html/assets/images/shapes/award-1.png]
[bracketweb.com/procounsel-html/assets/images/shapes/award-2.png]
[bracketweb.com/procounsel-html/assets/images/shapes/award-3.png]
[bracketweb.com/procounsel-html/assets/images/blog/blog-4-1.jpg]
[bracketweb.com/procounsel-html/assets/images/blog/blog-4-2.jpg]
[bracketweb.com/procounsel-html/assets/images/shapes/cta-four-bg.png]
[bracketweb.com/procounsel-html/assets/images/backgrounds/cta-four-image.png]
[bracketweb.com/procounsel-html/index-4.html]
[bracketweb.com/procounsel-html/index-4-one-page.html]
[bracketweb.com/procounsel-html/assets/images/shapes/bg-shadow.png]
[bracketweb.com/procounsel-html/assets/images/shapes/hero-5-shape-1.png]
[bracketweb.com/procounsel-html/assets/images/shapes/hero-5-shape-2.png]
[bracketweb.com/procounsel-html/assets/images/shapes/hero-5-shape-3.png]
[bracketweb.com/procounsel-html/assets/images/shapes/hero-5-shape-4.png]
[bracketweb.com/procounsel-html/assets/images/shapes/hero-5-shape-5.png]
[bracketweb.com/procounsel-html/assets/images/backgrounds/slider-5-1.jpg]
[bracketweb.com/procounsel-html/assets/images/resources/hero-5-1.jpg]
[bracketweb.com/procounsel-html/assets/images/resources/about-5-1.jpg]
[bracketweb.com/procounsel-html/assets/images/resources/about-5-2.jpg]
[bracketweb.com/procounsel-html/assets/images/resources/about-5-3.png]
[bracketweb.com/procounsel-html/assets/images/shapes/about-5-shape-1.png]
[bracketweb.com/procounsel-html/assets/images/backgrounds/service-bg-5.jpg]
[bracketweb.com/procounsel-html/assets/images/resources/award-1-1.png]
[bracketweb.com/procounsel-html/assets/images/resources/award-1-2.png]
[bracketweb.com/procounsel-html/assets/images/resources/award-1-3.png]
[bracketweb.com/procounsel-html/assets/images/portfolio/case-6-1.jpg]
[bracketweb.com/procounsel-html/assets/images/portfolio/case-6-2.jpg]
[bracketweb.com/procounsel-html/assets/images/portfolio/case-6-3.jpg]
[bracketweb.com/procounsel-html/assets/images/portfolio/case-6-4.jpg]
[bracketweb.com/procounsel-html/assets/images/portfolio/case-6-5.jpg]
[bracketweb.com/procounsel-html/assets/images/portfolio/case-6-6.jpg]
[bracketweb.com/procounsel-html/assets/images/resources/testi-5-1.jpg]
[bracketweb.com/procounsel-html/assets/images/backgrounds/why-choose-4-bg.jpg]
[bracketweb.com/procounsel-html/assets/images/resources/why-choose-4-1.jpg]
[bracketweb.com/procounsel-html/index-5.html]
[bracketweb.com/procounsel-html/index-5-one-page.html]
[bracketweb.com/procounsel-html/index-dark.html]
[bracketweb.com/procounsel-html/index-boxed.html]
[bracketweb.com/procounsel-html/assets/css/procounsel-dark.css]
[bracketweb.com/procounsel-html/assets/css/procounsel-custom-rtl.css]
[bracketweb.com/procounsel-html/assets/vendors/procounsel-toolbar/css/procounsel-toolbar.css]
[bracketweb.com/procounsel-html/assets/css/procounsel-rtl.css]
[bracketweb.com/procounsel-html/assets/vendors/procounsel-toolbar/js/js.cookie.min.js]
[bracketweb.com/procounsel-html/assets/vendors/procounsel-toolbar/js/jQuery.style.switcher.min.js]
[bracketweb.com/procounsel-html/assets/vendors/procounsel-toolbar/js/lang.js]
[translate.google.com/translate_a/elementa0d8.js]
[bracketweb.com/procounsel-html/assets/vendors/procounsel-toolbar/js/procounsel-toolbar.js]
[bracketweb.com/procounsel-html/index-rtl.html]
[bracketweb.com/procounsel-html/about.html]
[bracketweb.com/procounsel-html/assets/images/team/team-1-4.jpg]
[bracketweb.com/procounsel-html/assets/images/team/team-1-5.jpg]
[bracketweb.com/procounsel-html/assets/images/team/team-1-6.jpg]
[bracketweb.com/procounsel-html/team.html]
[bracketweb.com/procounsel-html/team-carousel.html]
[bracketweb.com/procounsel-html/assets/images/team/team-d-1.jpg]
[bracketweb.com/procounsel-html/assets/images/resources/certificates-1.jpg]
[bracketweb.com/procounsel-html/assets/images/resources/certificates-2.jpg]
[bracketweb.com/procounsel-html/assets/images/resources/certificates-3.jpg]
[bracketweb.com/procounsel-html/assets/images/shapes/team-form-one.png]
[bracketweb.com/procounsel-html/team-details.html]
[bracketweb.com/procounsel-html/project.html]
[bracketweb.com/procounsel-html/project-carousel.html]
[bracketweb.com/procounsel-html/assets/images/resources/project-d-1.jpg]
[bracketweb.com/procounsel-html/project-details.html]
[bracketweb.com/procounsel-html/packages.html]
[bracketweb.com/procounsel-html/packages-carousel.html]
[bracketweb.com/procounsel-html/assets/images/gallery/gallery-1-1.jpg]
[bracketweb.com/procounsel-html/assets/images/gallery/gallery-1-2.jpg]
[bracketweb.com/procounsel-html/assets/images/gallery/gallery-1-3.jpg]
[bracketweb.com/procounsel-html/assets/images/gallery/gallery-1-4.jpg]
[bracketweb.com/procounsel-html/assets/images/gallery/gallery-1-5.jpg]
[bracketweb.com/procounsel-html/assets/images/gallery/gallery-1-6.jpg]
[bracketweb.com/procounsel-html/assets/images/gallery/gallery-1-7.jpg]
[bracketweb.com/procounsel-html/gallery.html]
[bracketweb.com/procounsel-html/gallery-filter.html]
[bracketweb.com/procounsel-html/gallery-grid.html]
[bracketweb.com/procounsel-html/gallery-carousel.html]
[bracketweb.com/procounsel-html/faq.html]
[bracketweb.com/procounsel-html/login.html]
[bracketweb.com/procounsel-html/assets/images/shapes/error-404-shape.png]
[bracketweb.com/procounsel-html/404.html]
[bracketweb.com/procounsel-html/services.html]
[bracketweb.com/procounsel-html/services-carousel.html]
[bracketweb.com/procounsel-html/assets/images/resources/service-author.png]
[bracketweb.com/procounsel-html/assets/images/resources/service-d-1.jpg]
[bracketweb.com/procounsel-html/assets/images/resources/service-detail-1.jpg]
[bracketweb.com/procounsel-html/service-d-criminal.html]
[bracketweb.com/procounsel-html/service-d-family.html]
[bracketweb.com/procounsel-html/service-d-real-estate.html]
[bracketweb.com/procounsel-html/service-d-employment.html]
[bracketweb.com/procounsel-html/service-d-healthcare.html]
[bracketweb.com/procounsel-html/service-d-ecommerce.html]
[bracketweb.com/procounsel-html/assets/images/products/product-1-1.jpg]
[bracketweb.com/procounsel-html/assets/images/products/product-1-2.jpg]
[bracketweb.com/procounsel-html/assets/images/products/product-1-3.jpg]
[bracketweb.com/procounsel-html/assets/images/products/product-1-4.jpg]
[bracketweb.com/procounsel-html/assets/images/products/product-1-5.jpg]
[bracketweb.com/procounsel-html/assets/images/products/product-1-6.jpg]
[bracketweb.com/procounsel-html/assets/images/products/product-1-7.jpg]
[bracketweb.com/procounsel-html/assets/images/products/product-1-8.jpg]
[bracketweb.com/procounsel-html/products.html]
[bracketweb.com/procounsel-html/assets/images/products/product-1-9.jpg]
[bracketweb.com/procounsel-html/products-left.html]
[bracketweb.com/procounsel-html/products-right.html]
[bracketweb.com/procounsel-html/products-carousel.html]
[bracketweb.com/procounsel-html/assets/images/products/product-d-1-1.jpg]
[bracketweb.com/procounsel-html/assets/images/blog/blog-comment-1-1.jpg]
[bracketweb.com/procounsel-html/assets/images/blog/blog-comment-1-2.jpg]
[bracketweb.com/procounsel-html/product-details.html]
[bracketweb.com/procounsel-html/assets/images/products/cart-1-1.jpg]
[bracketweb.com/procounsel-html/assets/images/products/cart-1-2.jpg]
[bracketweb.com/procounsel-html/cart.html]
[bracketweb.com/procounsel-html/checkout.html]
[bracketweb.com/procounsel-html/assets/images/blog/blog-1-4.jpg]
[bracketweb.com/procounsel-html/assets/images/blog/blog-1-5.jpg]
[bracketweb.com/procounsel-html/assets/images/blog/blog-1-6.jpg]
[bracketweb.com/procounsel-html/blog-grid.html]
[bracketweb.com/procounsel-html/assets/images/blog/lp-1-1.jpg]
[bracketweb.com/procounsel-html/assets/images/blog/lp-1-2.jpg]
[bracketweb.com/procounsel-html/blog-grid-left.html]
[bracketweb.com/procounsel-html/blog-grid-right.html]
[bracketweb.com/procounsel-html/assets/images/blog/blog-l-1-1.jpg]
[bracketweb.com/procounsel-html/assets/images/blog/blog-l-1-2.jpg]
[bracketweb.com/procounsel-html/assets/images/blog/blog-l-1-3.jpg]
[bracketweb.com/procounsel-html/blog-list.html]
[bracketweb.com/procounsel-html/blog-list-left.html]
[bracketweb.com/procounsel-html/blog-list-right.html]
[bracketweb.com/procounsel-html/blog-carousel.html]
[bracketweb.com/procounsel-html/assets/images/blog/blog-details-1.jpg]
[bracketweb.com/procounsel-html/blog-details.html]
[bracketweb.com/procounsel-html/blog-details-left.html]
[bracketweb.com/procounsel-html/blog-details-right.html]
[bracketweb.com/procounsel-html/contact.html]
[bracketweb.com/procounsel-html/portfolio-details.html]
[bracketweb.com/procounsel-html/www.website.html]
[bracketweb.com/procounsel-html/assets/vendors/fontawesome/webfonts/fa-brands-400.svg]
[bracketweb.com/procounsel-html/assets/vendors/fontawesome/webfonts/fa-regular-400.svg]
[bracketweb.com/procounsel-html/assets/vendors/fontawesome/webfonts/fa-solid-900.svg]
[bracketweb.com/procounsel-html/assets/vendors/procounsel-icons/fonts/icomoonbf03.svg]
[bracketweb.com/procounsel-html/assets/images/shapes/leaf-1-1.html]
[bracketweb.com/procounsel-html/assets/images/shapes/funfact-bg-1-1.html]
[bracketweb.com/procounsel-html/assets/images/shapes/page-header-shape.html]
[bracketweb.com/procounsel-html/assets/images/resources/hero-one-1.html]
[bracketweb.com/procounsel-html/service-d-companion.html]
[bracketweb.com/procounsel-html/assets/css/procounsel-dark.css]
[bracketweb.com/procounsel-html/assets/css/procounsel-rtl.css]
[bracketweb.com/procounsel-html/assets/css/procounsel-custom-rtl.css]
[bracketweb.com/procounsel-html/assets/vendors/procounsel-toolbar/css/procounsel-toolbar.css]
[bracketweb.com/procounsel-html/assets/images/blog/blog-3-4.html]
[bracketweb.com/procounsel-html/assets/images/blog/blog-3-5.html]
[bracketweb.com/procounsel-html/assets/images/blog/blog-3-6.html]
[bracketweb.com/procounsel-html/assets/images/blog/blog-3-7.html]
[bracketweb.com/procounsel-html/assets/images/shapes/service-details-bg.html]
[bracketweb.com/procounsel-html/assets/images/portfolio/portfolio-details-1.html]
[bracketweb.com/procounsel-html/assets/images/portfolio/portfolio-details-2.html]
